2020-06-10 20:12:29,922 [Worker-1: Loading available Gradle versions] INFO  o.e.b.c.i.u.g.PublishedGradleVersions - Gradle version information cache is out-of-date. Trying to update.
2020-06-10 20:13:21,266 [Worker-16: Importing Maven projects] INFO  o.e.m.c.i.l.LifecycleMappingFactory - Using org.eclipse.m2e.jdt.JarLifecycleMapping lifecycle mapping for MavenProject: br.com.alura:forum:0.0.1-SNAPSHOT @ /media/melchior/Backup/Desenvolvimento/Cursos/Curso-Spring-Boot-Parte-2-Segurança-da-API-Cache-e-Monitoramento/forum/pom.xml.
2020-06-10 20:13:23,122 [Worker-16: Importing Maven projects] INFO  o.e.m.j.i.AbstractJavaProjectConfigurator - Adding source folder /forum/src/main/java
2020-06-10 20:13:23,122 [Worker-16: Importing Maven projects] INFO  o.e.m.j.i.AbstractJavaProjectConfigurator - Adding resource folder /forum/src/main/resources
2020-06-10 20:13:23,123 [Worker-16: Importing Maven projects] INFO  o.e.m.j.i.AbstractJavaProjectConfigurator - Adding resource folder /forum/src/main/resources
2020-06-10 20:13:23,125 [Worker-16: Importing Maven projects] INFO  o.e.m.j.i.AbstractJavaProjectConfigurator - Adding source folder /forum/src/test/java
2020-06-10 20:13:23,382 [Worker-16: Importing Maven projects] INFO  o.e.m.c.i.p.ProjectConfigurationManager - Imported and configured 1 project(s) in 4 sec
2020-06-10 20:13:26,875 [Worker-0: Building] INFO  o.e.m.c.i.embedder.EclipseLogger - Using 'UTF-8' encoding to copy filtered resources.
2020-06-10 20:13:26,884 [Worker-0: Building] INFO  o.e.m.c.i.embedder.EclipseLogger - Copying 1 resource
2020-06-10 20:13:26,913 [Worker-0: Building] INFO  o.e.m.c.i.embedder.EclipseLogger - Copying 1 resource
2020-06-10 20:13:26,929 [Worker-0: Building] INFO  o.e.m.c.i.embedder.EclipseLogger - Using 'UTF-8' encoding to copy filtered resources.
2020-06-10 20:13:26,929 [Worker-0: Building] INFO  o.e.m.c.i.embedder.EclipseLogger - skip non existing resourceDirectory /media/melchior/Backup/Desenvolvimento/Cursos/Curso-Spring-Boot-Parte-2-Segurança-da-API-Cache-e-Monitoramento/forum/src/test/resources
2020-06-10 20:14:03,828 [Worker-15: Building] INFO  o.e.m.c.i.embedder.EclipseLogger - Using 'UTF-8' encoding to copy filtered resources.
2020-06-10 20:14:03,832 [Worker-15: Building] INFO  o.e.m.c.i.embedder.EclipseLogger - Copying 1 resource
2020-06-10 20:14:03,835 [Worker-15: Building] INFO  o.e.m.c.i.embedder.EclipseLogger - Copying 1 resource
2020-06-10 20:14:03,840 [Worker-15: Building] INFO  o.e.m.c.i.embedder.EclipseLogger - Using 'UTF-8' encoding to copy filtered resources.
2020-06-10 20:14:03,840 [Worker-15: Building] INFO  o.e.m.c.i.embedder.EclipseLogger - skip non existing resourceDirectory /media/melchior/Backup/Desenvolvimento/Cursos/Curso-Spring-Boot-Parte-2-Segurança-da-API-Cache-e-Monitoramento/forum/src/test/resources
2020-06-11 01:57:17,464 [Worker-0: Loading available Gradle versions] INFO  o.e.b.c.i.u.g.PublishedGradleVersions - Gradle version information cache is up-to-date. Trying to read.
2020-06-11 02:21:47,466 [Worker-26: Building] INFO  o.e.m.c.i.embedder.EclipseLogger - Using 'UTF-8' encoding to copy filtered resources.
2020-06-11 02:21:47,476 [Worker-26: Building] INFO  o.e.m.c.i.embedder.EclipseLogger - Copying 1 resource
2020-06-11 02:21:47,500 [Worker-26: Building] INFO  o.e.m.c.i.embedder.EclipseLogger - Copying 1 resource
2020-06-11 02:21:47,506 [Worker-26: Building] INFO  o.e.m.c.i.embedder.EclipseLogger - Using 'UTF-8' encoding to copy filtered resources.
2020-06-11 02:21:47,507 [Worker-26: Building] INFO  o.e.m.c.i.embedder.EclipseLogger - skip non existing resourceDirectory /media/melchior/Backup/Desenvolvimento/Cursos/Curso-Spring-Boot-Parte-2-Segurança-da-API-Cache-e-Monitoramento/forum/src/test/resources
2020-06-11 02:26:13,378 [Worker-23: Building] INFO  o.e.m.c.i.embedder.EclipseLogger - Using 'UTF-8' encoding to copy filtered resources.
2020-06-11 02:26:13,382 [Worker-23: Building] INFO  o.e.m.c.i.embedder.EclipseLogger - Copying 1 resource
2020-06-11 02:26:13,385 [Worker-23: Building] INFO  o.e.m.c.i.embedder.EclipseLogger - Copying 1 resource
2020-06-11 02:26:13,391 [Worker-23: Building] INFO  o.e.m.c.i.embedder.EclipseLogger - Using 'UTF-8' encoding to copy filtered resources.
2020-06-11 02:26:13,391 [Worker-23: Building] INFO  o.e.m.c.i.embedder.EclipseLogger - skip non existing resourceDirectory /media/melchior/Backup/Desenvolvimento/Cursos/Curso-Spring-Boot-Parte-2-Segurança-da-API-Cache-e-Monitoramento/forum/src/test/resources
2020-06-11 02:26:43,896 [Worker-26: Building] INFO  o.e.m.c.i.embedder.EclipseLogger - Using 'UTF-8' encoding to copy filtered resources.
2020-06-11 02:26:43,897 [Worker-26: Building] INFO  o.e.m.c.i.embedder.EclipseLogger - Copying 1 resource
2020-06-11 02:26:43,899 [Worker-26: Building] INFO  o.e.m.c.i.embedder.EclipseLogger - Copying 1 resource
2020-06-11 02:26:43,905 [Worker-26: Building] INFO  o.e.m.c.i.embedder.EclipseLogger - Using 'UTF-8' encoding to copy filtered resources.
2020-06-11 02:26:43,905 [Worker-26: Building] INFO  o.e.m.c.i.embedder.EclipseLogger - skip non existing resourceDirectory /media/melchior/Backup/Desenvolvimento/Cursos/Curso-Spring-Boot-Parte-2-Segurança-da-API-Cache-e-Monitoramento/forum/src/test/resources
2020-06-11 02:26:51,812 [Worker-25: Building] INFO  o.e.m.c.i.embedder.EclipseLogger - Using 'UTF-8' encoding to copy filtered resources.
2020-06-11 02:26:51,812 [Worker-25: Building] INFO  o.e.m.c.i.embedder.EclipseLogger - Copying 1 resource
2020-06-11 02:26:51,814 [Worker-25: Building] INFO  o.e.m.c.i.embedder.EclipseLogger - Copying 1 resource
2020-06-11 02:26:51,816 [Worker-25: Building] INFO  o.e.m.c.i.embedder.EclipseLogger - Using 'UTF-8' encoding to copy filtered resources.
2020-06-11 02:26:51,816 [Worker-25: Building] INFO  o.e.m.c.i.embedder.EclipseLogger - skip non existing resourceDirectory /media/melchior/Backup/Desenvolvimento/Cursos/Curso-Spring-Boot-Parte-2-Segurança-da-API-Cache-e-Monitoramento/forum/src/test/resources
2020-06-11 02:27:30,249 [Worker-27: Building] INFO  o.e.m.c.i.embedder.EclipseLogger - Using 'UTF-8' encoding to copy filtered resources.
2020-06-11 02:27:30,249 [Worker-27: Building] INFO  o.e.m.c.i.embedder.EclipseLogger - Copying 1 resource
2020-06-11 02:27:30,251 [Worker-27: Building] INFO  o.e.m.c.i.embedder.EclipseLogger - Copying 1 resource
2020-06-11 02:27:30,254 [Worker-27: Building] INFO  o.e.m.c.i.embedder.EclipseLogger - Using 'UTF-8' encoding to copy filtered resources.
2020-06-11 02:27:30,254 [Worker-27: Building] INFO  o.e.m.c.i.embedder.EclipseLogger - skip non existing resourceDirectory /media/melchior/Backup/Desenvolvimento/Cursos/Curso-Spring-Boot-Parte-2-Segurança-da-API-Cache-e-Monitoramento/forum/src/test/resources
2020-06-11 02:27:34,812 [Worker-27: Building] INFO  o.e.m.c.i.embedder.EclipseLogger - Using 'UTF-8' encoding to copy filtered resources.
2020-06-11 02:27:34,813 [Worker-27: Building] INFO  o.e.m.c.i.embedder.EclipseLogger - Copying 1 resource
2020-06-11 02:27:34,815 [Worker-27: Building] INFO  o.e.m.c.i.embedder.EclipseLogger - Copying 1 resource
2020-06-11 02:27:34,819 [Worker-27: Building] INFO  o.e.m.c.i.embedder.EclipseLogger - Using 'UTF-8' encoding to copy filtered resources.
2020-06-11 02:27:34,820 [Worker-27: Building] INFO  o.e.m.c.i.embedder.EclipseLogger - skip non existing resourceDirectory /media/melchior/Backup/Desenvolvimento/Cursos/Curso-Spring-Boot-Parte-2-Segurança-da-API-Cache-e-Monitoramento/forum/src/test/resources
2020-06-11 02:27:37,130 [Worker-27: Building] INFO  o.e.m.c.i.embedder.EclipseLogger - Using 'UTF-8' encoding to copy filtered resources.
2020-06-11 02:27:37,131 [Worker-27: Building] INFO  o.e.m.c.i.embedder.EclipseLogger - Copying 1 resource
2020-06-11 02:27:37,133 [Worker-27: Building] INFO  o.e.m.c.i.embedder.EclipseLogger - Copying 1 resource
2020-06-11 02:27:37,137 [Worker-27: Building] INFO  o.e.m.c.i.embedder.EclipseLogger - Using 'UTF-8' encoding to copy filtered resources.
2020-06-11 02:27:37,137 [Worker-27: Building] INFO  o.e.m.c.i.embedder.EclipseLogger - skip non existing resourceDirectory /media/melchior/Backup/Desenvolvimento/Cursos/Curso-Spring-Boot-Parte-2-Segurança-da-API-Cache-e-Monitoramento/forum/src/test/resources
2020-06-11 02:27:44,516 [Worker-0: Building] INFO  o.e.m.c.i.embedder.EclipseLogger - Using 'UTF-8' encoding to copy filtered resources.
2020-06-11 02:27:44,516 [Worker-0: Building] INFO  o.e.m.c.i.embedder.EclipseLogger - Copying 1 resource
2020-06-11 02:27:44,517 [Worker-0: Building] INFO  o.e.m.c.i.embedder.EclipseLogger - Copying 1 resource
2020-06-11 02:27:44,524 [Worker-0: Building] INFO  o.e.m.c.i.embedder.EclipseLogger - Using 'UTF-8' encoding to copy filtered resources.
2020-06-11 02:27:44,524 [Worker-0: Building] INFO  o.e.m.c.i.embedder.EclipseLogger - skip non existing resourceDirectory /media/melchior/Backup/Desenvolvimento/Cursos/Curso-Spring-Boot-Parte-2-Segurança-da-API-Cache-e-Monitoramento/forum/src/test/resources
2020-06-11 02:27:48,397 [Worker-23: Building] INFO  o.e.m.c.i.embedder.EclipseLogger - Using 'UTF-8' encoding to copy filtered resources.
2020-06-11 02:27:48,398 [Worker-23: Building] INFO  o.e.m.c.i.embedder.EclipseLogger - Copying 1 resource
2020-06-11 02:27:48,399 [Worker-23: Building] INFO  o.e.m.c.i.embedder.EclipseLogger - Copying 1 resource
2020-06-11 02:27:48,403 [Worker-23: Building] INFO  o.e.m.c.i.embedder.EclipseLogger - Using 'UTF-8' encoding to copy filtered resources.
2020-06-11 02:27:48,404 [Worker-23: Building] INFO  o.e.m.c.i.embedder.EclipseLogger - skip non existing resourceDirectory /media/melchior/Backup/Desenvolvimento/Cursos/Curso-Spring-Boot-Parte-2-Segurança-da-API-Cache-e-Monitoramento/forum/src/test/resources
2020-06-11 02:28:04,675 [Worker-0: Building] INFO  o.e.m.c.i.embedder.EclipseLogger - Using 'UTF-8' encoding to copy filtered resources.
2020-06-11 02:28:04,676 [Worker-0: Building] INFO  o.e.m.c.i.embedder.EclipseLogger - Copying 1 resource
2020-06-11 02:28:04,677 [Worker-0: Building] INFO  o.e.m.c.i.embedder.EclipseLogger - Copying 1 resource
2020-06-11 02:28:04,680 [Worker-0: Building] INFO  o.e.m.c.i.embedder.EclipseLogger - Using 'UTF-8' encoding to copy filtered resources.
2020-06-11 02:28:04,680 [Worker-0: Building] INFO  o.e.m.c.i.embedder.EclipseLogger - skip non existing resourceDirectory /media/melchior/Backup/Desenvolvimento/Cursos/Curso-Spring-Boot-Parte-2-Segurança-da-API-Cache-e-Monitoramento/forum/src/test/resources
2020-06-11 02:28:07,028 [Worker-23: Building] INFO  o.e.m.c.i.embedder.EclipseLogger - Using 'UTF-8' encoding to copy filtered resources.
2020-06-11 02:28:07,029 [Worker-23: Building] INFO  o.e.m.c.i.embedder.EclipseLogger - Copying 1 resource
2020-06-11 02:28:07,030 [Worker-23: Building] INFO  o.e.m.c.i.embedder.EclipseLogger - Copying 1 resource
2020-06-11 02:28:07,033 [Worker-23: Building] INFO  o.e.m.c.i.embedder.EclipseLogger - Using 'UTF-8' encoding to copy filtered resources.
2020-06-11 02:28:07,034 [Worker-23: Building] INFO  o.e.m.c.i.embedder.EclipseLogger - skip non existing resourceDirectory /media/melchior/Backup/Desenvolvimento/Cursos/Curso-Spring-Boot-Parte-2-Segurança-da-API-Cache-e-Monitoramento/forum/src/test/resources
2020-06-11 17:11:16,460 [Worker-205: Building] INFO  o.e.m.c.i.embedder.EclipseLogger - Using 'UTF-8' encoding to copy filtered resources.
2020-06-11 17:11:16,461 [Worker-205: Building] INFO  o.e.m.c.i.embedder.EclipseLogger - Copying 1 resource
2020-06-11 17:11:16,469 [Worker-205: Building] INFO  o.e.m.c.i.embedder.EclipseLogger - Copying 1 resource
2020-06-11 17:11:16,473 [Worker-205: Building] INFO  o.e.m.c.i.embedder.EclipseLogger - Using 'UTF-8' encoding to copy filtered resources.
2020-06-11 17:11:16,473 [Worker-205: Building] INFO  o.e.m.c.i.embedder.EclipseLogger - skip non existing resourceDirectory /media/melchior/Backup/Desenvolvimento/Cursos/Curso-Spring-Boot-Parte-2-Segurança-da-API-Cache-e-Monitoramento/forum/src/test/resources
2020-06-11 17:13:13,819 [Worker-205: Building] INFO  o.e.m.c.i.embedder.EclipseLogger - Using 'UTF-8' encoding to copy filtered resources.
2020-06-11 17:13:13,819 [Worker-205: Building] INFO  o.e.m.c.i.embedder.EclipseLogger - Copying 1 resource
2020-06-11 17:13:13,820 [Worker-205: Building] INFO  o.e.m.c.i.embedder.EclipseLogger - Copying 1 resource
2020-06-11 17:13:13,823 [Worker-205: Building] INFO  o.e.m.c.i.embedder.EclipseLogger - Using 'UTF-8' encoding to copy filtered resources.
2020-06-11 17:13:13,824 [Worker-205: Building] INFO  o.e.m.c.i.embedder.EclipseLogger - skip non existing resourceDirectory /media/melchior/Backup/Desenvolvimento/Cursos/Curso-Spring-Boot-Parte-2-Segurança-da-API-Cache-e-Monitoramento/forum/src/test/resources
2020-06-11 17:13:50,082 [Worker-212: Building] INFO  o.e.m.c.i.embedder.EclipseLogger - Using 'UTF-8' encoding to copy filtered resources.
2020-06-11 17:13:50,083 [Worker-212: Building] INFO  o.e.m.c.i.embedder.EclipseLogger - Copying 1 resource
2020-06-11 17:13:50,084 [Worker-212: Building] INFO  o.e.m.c.i.embedder.EclipseLogger - Copying 1 resource
2020-06-11 17:13:50,087 [Worker-212: Building] INFO  o.e.m.c.i.embedder.EclipseLogger - Using 'UTF-8' encoding to copy filtered resources.
2020-06-11 17:13:50,087 [Worker-212: Building] INFO  o.e.m.c.i.embedder.EclipseLogger - skip non existing resourceDirectory /media/melchior/Backup/Desenvolvimento/Cursos/Curso-Spring-Boot-Parte-2-Segurança-da-API-Cache-e-Monitoramento/forum/src/test/resources
2020-06-11 17:27:50,880 [Worker-25: Building] INFO  o.e.m.c.i.embedder.EclipseLogger - Using 'UTF-8' encoding to copy filtered resources.
2020-06-11 17:27:50,880 [Worker-25: Building] INFO  o.e.m.c.i.embedder.EclipseLogger - Copying 1 resource
2020-06-11 17:27:50,881 [Worker-25: Building] INFO  o.e.m.c.i.embedder.EclipseLogger - Copying 1 resource
2020-06-11 17:27:50,883 [Worker-25: Building] INFO  o.e.m.c.i.embedder.EclipseLogger - Using 'UTF-8' encoding to copy filtered resources.
2020-06-11 17:27:50,883 [Worker-25: Building] INFO  o.e.m.c.i.embedder.EclipseLogger - skip non existing resourceDirectory /media/melchior/Backup/Desenvolvimento/Cursos/Curso-Spring-Boot-Parte-2-Segurança-da-API-Cache-e-Monitoramento/forum/src/test/resources
2020-06-11 17:28:51,420 [Worker-220: Building] INFO  o.e.m.c.i.embedder.EclipseLogger - Using 'UTF-8' encoding to copy filtered resources.
2020-06-11 17:28:51,420 [Worker-220: Building] INFO  o.e.m.c.i.embedder.EclipseLogger - Copying 1 resource
2020-06-11 17:28:51,421 [Worker-220: Building] INFO  o.e.m.c.i.embedder.EclipseLogger - Copying 1 resource
2020-06-11 17:28:51,423 [Worker-220: Building] INFO  o.e.m.c.i.embedder.EclipseLogger - Using 'UTF-8' encoding to copy filtered resources.
2020-06-11 17:28:51,423 [Worker-220: Building] INFO  o.e.m.c.i.embedder.EclipseLogger - skip non existing resourceDirectory /media/melchior/Backup/Desenvolvimento/Cursos/Curso-Spring-Boot-Parte-2-Segurança-da-API-Cache-e-Monitoramento/forum/src/test/resources
2020-06-11 17:29:26,152 [Worker-25: Building] INFO  o.e.m.c.i.embedder.EclipseLogger - Using 'UTF-8' encoding to copy filtered resources.
2020-06-11 17:29:26,152 [Worker-25: Building] INFO  o.e.m.c.i.embedder.EclipseLogger - Copying 1 resource
2020-06-11 17:29:26,153 [Worker-25: Building] INFO  o.e.m.c.i.embedder.EclipseLogger - Copying 1 resource
2020-06-11 17:29:26,156 [Worker-25: Building] INFO  o.e.m.c.i.embedder.EclipseLogger - Using 'UTF-8' encoding to copy filtered resources.
2020-06-11 17:29:26,156 [Worker-25: Building] INFO  o.e.m.c.i.embedder.EclipseLogger - skip non existing resourceDirectory /media/melchior/Backup/Desenvolvimento/Cursos/Curso-Spring-Boot-Parte-2-Segurança-da-API-Cache-e-Monitoramento/forum/src/test/resources
2020-06-11 17:33:47,921 [Worker-205: Building] INFO  o.e.m.c.i.embedder.EclipseLogger - Using 'UTF-8' encoding to copy filtered resources.
2020-06-11 17:33:47,922 [Worker-205: Building] INFO  o.e.m.c.i.embedder.EclipseLogger - Copying 1 resource
2020-06-11 17:33:47,923 [Worker-205: Building] INFO  o.e.m.c.i.embedder.EclipseLogger - Copying 1 resource
2020-06-11 17:33:47,927 [Worker-205: Building] INFO  o.e.m.c.i.embedder.EclipseLogger - Using 'UTF-8' encoding to copy filtered resources.
2020-06-11 17:33:47,927 [Worker-205: Building] INFO  o.e.m.c.i.embedder.EclipseLogger - skip non existing resourceDirectory /media/melchior/Backup/Desenvolvimento/Cursos/Curso-Spring-Boot-Parte-2-Segurança-da-API-Cache-e-Monitoramento/forum/src/test/resources
2020-06-11 17:35:35,832 [Worker-225: Building] INFO  o.e.m.c.i.embedder.EclipseLogger - Using 'UTF-8' encoding to copy filtered resources.
2020-06-11 17:35:35,832 [Worker-225: Building] INFO  o.e.m.c.i.embedder.EclipseLogger - Copying 1 resource
2020-06-11 17:35:35,833 [Worker-225: Building] INFO  o.e.m.c.i.embedder.EclipseLogger - Copying 1 resource
2020-06-11 17:35:35,838 [Worker-225: Building] INFO  o.e.m.c.i.embedder.EclipseLogger - Using 'UTF-8' encoding to copy filtered resources.
2020-06-11 17:35:35,839 [Worker-225: Building] INFO  o.e.m.c.i.embedder.EclipseLogger - skip non existing resourceDirectory /media/melchior/Backup/Desenvolvimento/Cursos/Curso-Spring-Boot-Parte-2-Segurança-da-API-Cache-e-Monitoramento/forum/src/test/resources
